<?xml version="1.0" encoding="UTF-8"?>
<!-- Generated by org.testng.reporters.JUnitReportReporter -->
<testsuite skipped="0" hostname="DESKTOP-SOQJ4OL" name="runner.TestRunner" tests="3" failures="0" timestamp="10 Jul 2018 23:26:50 GMT" time="0.093" errors="0">
  <testcase name="feature" time="0.082" classname="runner.TestRunner"/>
  <testcase name="feature" time="0.005" classname="runner.TestRunner"/>
  <testcase name="feature" time="0.006" classname="runner.TestRunner"/>
</testsuite> <!-- runner.TestRunner -->
