<?xml version="1.0" encoding="UTF-8"?>
<!-- Generated by org.testng.reporters.JUnitReportReporter -->
<testsuite skipped="0" hostname="DESKTOP-SOQJ4OL" name="runner.TestRunner" tests="3" failures="0" timestamp="11 Jul 2018 03:53:45 GMT" time="0.115" errors="0">
  <testcase name="feature" time="0.012" classname="runner.TestRunner"/>
  <testcase name="feature" time="0.014" classname="runner.TestRunner"/>
  <testcase name="feature" time="0.089" classname="runner.TestRunner"/>
</testsuite> <!-- runner.TestRunner -->
